[2025-04-12 18:03:26] [SYSTEM] Logger initialized
[2025-04-12 18:03:26] [SYSTEM] Queue Manager initialized with 4 downloads
[2025-04-12 18:03:26] [SYSTEM] Queue Manager started
[2025-04-12 18:03:52] [SYSTEM] Logger initialized
[2025-04-12 18:03:52] [SYSTEM] Queue Manager initialized with 4 downloads
[2025-04-12 18:03:52] [SYSTEM] Queue Manager started
[2025-04-12 18:14:47] [SYSTEM] Logger initialized
[2025-04-12 18:14:47] [SYSTEM] Queue Manager initialized with 4 downloads
[2025-04-12 18:14:47] [SYSTEM] Queue Manager started
[2025-04-12 18:15:00] [PENDING] Download pending - URL: https://dls.musics-fa.com/song/alibz/dlswm/Collection%20-%20Music%20For%20Zumba%202%20(320).mp3 , Queue: test, Reason: Retry attempt 1 of 0
[2025-04-12 18:15:00] [STATUS] Status changed for https://dls.musics-fa.com/song/alibz/dlswm/Collection%20-%20Music%20For%20Zumba%202%20(320).mp3 : error -> pending
[2025-04-12 18:15:00] [QUEUE] Starting download https://dls.musics-fa.com/song/alibz/dlswm/Collection%20-%20Music%20For%20Zumba%202%20(320).mp3  in queue test
[2025-04-12 18:15:00] [QUEUE] Processing download https://dls.musics-fa.com/song/alibz/dlswm/Collection%20-%20Music%20For%20Zumba%202%20(320).mp3  in queue test
[2025-04-12 18:15:00] [START] Download started - URL: https://dls.musics-fa.com/song/alibz/dlswm/Collection%20-%20Music%20For%20Zumba%202%20(320).mp3 , Queue: test, Bandwidth Limit: 0 KB/s
[2025-04-12 18:15:00] [STATUS] Status changed for https://dls.musics-fa.com/song/alibz/dlswm/Collection%20-%20Music%20For%20Zumba%202%20(320).mp3 : downloading -> downloading
[2025-04-12 18:15:00] [ERROR] Error for download https://dls.musics-fa.com/song/alibz/dlswm/Collection%20-%20Music%20For%20Zumba%202%20(320).mp3  in queue test: server responded with status: 404 Not Found
[2025-04-12 18:15:00] [ERROR] Error for download https://dls.musics-fa.com/song/alibz/dlswm/Collection%20-%20Music%20For%20Zumba%202%20(320).mp3  in queue test: server responded with status: 404 Not Found
[2025-04-12 18:15:00] [STATUS] Status changed for https://dls.musics-fa.com/song/alibz/dlswm/Collection%20-%20Music%20For%20Zumba%202%20(320).mp3 : downloading -> error
[2025-04-12 18:15:00] [PENDING] Download pending - URL: https://dls.musics-fa.com/song/alibz/dlswm/Collection%20-%20Music%20For%20Zumba%202%20(320).mp3 , Queue: test, Reason: Retry attempt 2 of 3 after error: server responded with status: 404 Not Found
[2025-04-12 18:15:00] [STATUS] Status changed for https://dls.musics-fa.com/song/alibz/dlswm/Collection%20-%20Music%20For%20Zumba%202%20(320).mp3 : error -> pending
[2025-04-12 18:15:05] [ERROR] Error for download https://dls.musics-fa.com/song/alibz/dlswm/Collection%20-%20Music%20For%20Zumba%202%20(320).mp3  in queue test: server responded with status: 404 Not Found
[2025-04-12 18:15:05] [ERROR] Error for download https://dls.musics-fa.com/song/alibz/dlswm/Collection%20-%20Music%20For%20Zumba%202%20(320).mp3  in queue test: server responded with status: 404 Not Found
[2025-04-12 18:15:05] [STATUS] Status changed for https://dls.musics-fa.com/song/alibz/dlswm/Collection%20-%20Music%20For%20Zumba%202%20(320).mp3 : pending -> error
[2025-04-12 18:15:05] [PENDING] Download pending - URL: https://dls.musics-fa.com/song/alibz/dlswm/Collection%20-%20Music%20For%20Zumba%202%20(320).mp3 , Queue: test, Reason: Retry attempt 3 of 3 after error: server responded with status: 404 Not Found
[2025-04-12 18:15:05] [STATUS] Status changed for https://dls.musics-fa.com/song/alibz/dlswm/Collection%20-%20Music%20For%20Zumba%202%20(320).mp3 : error -> pending
[2025-04-12 18:15:10] [ERROR] Error for download https://dls.musics-fa.com/song/alibz/dlswm/Collection%20-%20Music%20For%20Zumba%202%20(320).mp3  in queue test: server responded with status: 404 Not Found
[2025-04-12 18:15:10] [ERROR] Error for download https://dls.musics-fa.com/song/alibz/dlswm/Collection%20-%20Music%20For%20Zumba%202%20(320).mp3  in queue test: server responded with status: 404 Not Found
[2025-04-12 18:15:10] [STATUS] Status changed for https://dls.musics-fa.com/song/alibz/dlswm/Collection%20-%20Music%20For%20Zumba%202%20(320).mp3 : pending -> error
[2025-04-12 18:15:10] [ERROR] Error for download https://dls.musics-fa.com/song/alibz/dlswm/Collection%20-%20Music%20For%20Zumba%202%20(320).mp3  in queue test: download failed after 3 retries: server responded with status: 404 Not Found
[2025-04-12 18:15:10] [ERROR] Error for download https://dls.musics-fa.com/song/alibz/dlswm/Collection%20-%20Music%20For%20Zumba%202%20(320).mp3  in queue test: Download failed: download failed after 3 retries: server responded with status: 404 Not Found
[2025-04-12 18:15:10] [QUEUE] Queue test: Active downloads decreased to 0/3
[2025-04-12 18:15:47] [SYSTEM] Processing queues
[2025-04-12 18:15:47] [QUEUE] Queue default: Started 0 of 0 pending downloads (0/3 active)
[2025-04-12 18:15:47] [QUEUE] Queue night: Outside allowed time window (19:00-23:59)
[2025-04-12 18:15:47] [QUEUE] Queue morning: Outside allowed time window (6:00-12:00)
[2025-04-12 18:15:47] [QUEUE] Queue test: Started 0 of 0 pending downloads (0/3 active)
[2025-04-12 18:16:47] [SYSTEM] Processing queues
[2025-04-12 18:16:47] [QUEUE] Queue default: Started 0 of 0 pending downloads (0/3 active)
[2025-04-12 18:16:47] [QUEUE] Queue night: Outside allowed time window (19:00-23:59)
[2025-04-12 18:16:47] [QUEUE] Queue morning: Outside allowed time window (6:00-12:00)
[2025-04-12 18:16:47] [QUEUE] Queue test: Started 0 of 0 pending downloads (0/3 active)
[2025-04-12 18:17:47] [SYSTEM] Processing queues
[2025-04-12 18:17:47] [QUEUE] Queue default: Started 0 of 0 pending downloads (0/3 active)
[2025-04-12 18:17:47] [QUEUE] Queue night: Outside allowed time window (19:00-23:59)
[2025-04-12 18:17:47] [QUEUE] Queue morning: Outside allowed time window (6:00-12:00)
[2025-04-12 18:17:47] [QUEUE] Queue test: Started 0 of 0 pending downloads (0/3 active)
[2025-04-12 18:18:47] [SYSTEM] Processing queues
[2025-04-12 18:18:47] [QUEUE] Queue default: Started 0 of 0 pending downloads (0/3 active)
[2025-04-12 18:18:47] [QUEUE] Queue night: Outside allowed time window (19:00-23:59)
[2025-04-12 18:18:47] [QUEUE] Queue morning: Outside allowed time window (6:00-12:00)
[2025-04-12 18:18:47] [QUEUE] Queue test: Started 0 of 0 pending downloads (0/3 active)
[2025-04-12 18:19:47] [SYSTEM] Processing queues
[2025-04-12 18:19:47] [QUEUE] Queue default: Started 0 of 0 pending downloads (0/3 active)
[2025-04-12 18:19:47] [QUEUE] Queue night: Outside allowed time window (19:00-23:59)
[2025-04-12 18:19:47] [QUEUE] Queue morning: Outside allowed time window (6:00-12:00)
[2025-04-12 18:19:47] [QUEUE] Queue test: Started 0 of 0 pending downloads (0/3 active)
[2025-04-12 18:20:47] [SYSTEM] Processing queues
[2025-04-12 18:20:47] [QUEUE] Queue default: Started 0 of 0 pending downloads (0/3 active)
[2025-04-12 18:20:47] [QUEUE] Queue night: Outside allowed time window (19:00-23:59)
[2025-04-12 18:20:47] [QUEUE] Queue morning: Outside allowed time window (6:00-12:00)
[2025-04-12 18:20:47] [QUEUE] Queue test: Started 0 of 0 pending downloads (0/3 active)
[2025-04-12 18:21:47] [SYSTEM] Processing queues
[2025-04-12 18:21:47] [QUEUE] Queue default: Started 0 of 0 pending downloads (0/3 active)
[2025-04-12 18:21:47] [QUEUE] Queue night: Outside allowed time window (19:00-23:59)
[2025-04-12 18:21:47] [QUEUE] Queue morning: Outside allowed time window (6:00-12:00)
[2025-04-12 18:21:47] [QUEUE] Queue test: Started 0 of 0 pending downloads (0/3 active)
[2025-04-12 18:22:47] [SYSTEM] Processing queues
[2025-04-12 18:22:47] [QUEUE] Queue default: Started 0 of 0 pending downloads (0/3 active)
[2025-04-12 18:22:47] [QUEUE] Queue night: Outside allowed time window (19:00-23:59)
[2025-04-12 18:22:47] [QUEUE] Queue morning: Outside allowed time window (6:00-12:00)
[2025-04-12 18:22:47] [QUEUE] Queue test: Started 0 of 0 pending downloads (0/3 active)
[2025-04-12 18:23:47] [SYSTEM] Processing queues
[2025-04-12 18:23:47] [QUEUE] Queue default: Started 0 of 0 pending downloads (0/3 active)
[2025-04-12 18:23:47] [QUEUE] Queue night: Outside allowed time window (19:00-23:59)
[2025-04-12 18:23:47] [QUEUE] Queue morning: Outside allowed time window (6:00-12:00)
[2025-04-12 18:23:47] [QUEUE] Queue test: Started 0 of 0 pending downloads (0/3 active)
[2025-04-12 18:24:47] [SYSTEM] Processing queues
[2025-04-12 18:24:47] [QUEUE] Queue default: Started 0 of 0 pending downloads (0/3 active)
[2025-04-12 18:24:47] [QUEUE] Queue night: Outside allowed time window (19:00-23:59)
[2025-04-12 18:24:47] [QUEUE] Queue morning: Outside allowed time window (6:00-12:00)
[2025-04-12 18:24:47] [QUEUE] Queue test: Started 0 of 0 pending downloads (0/3 active)
[2025-04-12 18:25:47] [SYSTEM] Processing queues
[2025-04-12 18:25:47] [QUEUE] Queue default: Started 0 of 0 pending downloads (0/3 active)
[2025-04-12 18:25:47] [QUEUE] Queue night: Outside allowed time window (19:00-23:59)
[2025-04-12 18:25:47] [QUEUE] Queue morning: Outside allowed time window (6:00-12:00)
[2025-04-12 18:25:47] [QUEUE] Queue test: Started 0 of 0 pending downloads (0/3 active)
[2025-04-12 18:26:47] [SYSTEM] Processing queues
[2025-04-12 18:26:47] [QUEUE] Queue default: Started 0 of 0 pending downloads (0/3 active)
[2025-04-12 18:26:47] [QUEUE] Queue night: Outside allowed time window (19:00-23:59)
[2025-04-12 18:26:47] [QUEUE] Queue morning: Outside allowed time window (6:00-12:00)
[2025-04-12 18:26:47] [QUEUE] Queue test: Started 0 of 0 pending downloads (0/3 active)
[2025-04-12 18:27:47] [SYSTEM] Processing queues
[2025-04-12 18:27:47] [QUEUE] Queue default: Started 0 of 0 pending downloads (0/3 active)
[2025-04-12 18:27:47] [QUEUE] Queue night: Outside allowed time window (19:00-23:59)
[2025-04-12 18:27:47] [QUEUE] Queue morning: Outside allowed time window (6:00-12:00)
[2025-04-12 18:27:47] [QUEUE] Queue test: Started 0 of 0 pending downloads (0/3 active)
[2025-04-12 18:32:00] [SYSTEM] Processing queues
[2025-04-12 18:32:00] [QUEUE] Queue default: Started 0 of 0 pending downloads (0/3 active)
[2025-04-12 18:32:00] [QUEUE] Queue night: Outside allowed time window (19:00-23:59)
[2025-04-12 18:32:00] [QUEUE] Queue morning: Outside allowed time window (6:00-12:00)
[2025-04-12 18:32:00] [QUEUE] Queue test: Started 0 of 0 pending downloads (0/3 active)
[2025-04-12 18:32:47] [SYSTEM] Processing queues
[2025-04-12 18:32:47] [QUEUE] Queue default: Started 0 of 0 pending downloads (0/3 active)
[2025-04-12 18:32:47] [QUEUE] Queue night: Outside allowed time window (19:00-23:59)
[2025-04-12 18:32:47] [QUEUE] Queue morning: Outside allowed time window (6:00-12:00)
[2025-04-12 18:32:47] [QUEUE] Queue test: Started 0 of 0 pending downloads (0/3 active)
[2025-04-12 18:33:47] [SYSTEM] Processing queues
[2025-04-12 18:33:47] [QUEUE] Queue default: Started 0 of 0 pending downloads (0/3 active)
[2025-04-12 18:33:47] [QUEUE] Queue night: Outside allowed time window (19:00-23:59)
[2025-04-12 18:33:47] [QUEUE] Queue morning: Outside allowed time window (6:00-12:00)
[2025-04-12 18:33:47] [QUEUE] Queue test: Started 0 of 0 pending downloads (0/3 active)
[2025-04-12 18:34:47] [SYSTEM] Processing queues
[2025-04-12 18:34:47] [QUEUE] Queue default: Started 0 of 0 pending downloads (0/3 active)
[2025-04-12 18:34:47] [QUEUE] Queue night: Outside allowed time window (19:00-23:59)
[2025-04-12 18:34:47] [QUEUE] Queue morning: Outside allowed time window (6:00-12:00)
[2025-04-12 18:34:47] [QUEUE] Queue test: Started 0 of 0 pending downloads (0/3 active)
[2025-04-12 18:35:47] [SYSTEM] Processing queues
[2025-04-12 18:35:47] [QUEUE] Queue default: Started 0 of 0 pending downloads (0/3 active)
[2025-04-12 18:35:47] [QUEUE] Queue night: Outside allowed time window (19:00-23:59)
[2025-04-12 18:35:47] [QUEUE] Queue morning: Outside allowed time window (6:00-12:00)
[2025-04-12 18:35:47] [QUEUE] Queue test: Started 0 of 0 pending downloads (0/3 active)
[2025-04-12 18:36:47] [SYSTEM] Processing queues
[2025-04-12 18:36:47] [QUEUE] Queue default: Started 0 of 0 pending downloads (0/3 active)
[2025-04-12 18:36:47] [QUEUE] Queue night: Outside allowed time window (19:00-23:59)
[2025-04-12 18:36:47] [QUEUE] Queue morning: Outside allowed time window (6:00-12:00)
[2025-04-12 18:36:47] [QUEUE] Queue test: Started 0 of 0 pending downloads (0/3 active)
[2025-04-12 18:37:47] [SYSTEM] Processing queues
[2025-04-12 18:37:47] [QUEUE] Queue default: Started 0 of 0 pending downloads (0/3 active)
[2025-04-12 18:37:47] [QUEUE] Queue night: Outside allowed time window (19:00-23:59)
[2025-04-12 18:37:47] [QUEUE] Queue morning: Outside allowed time window (6:00-12:00)
[2025-04-12 18:37:47] [QUEUE] Queue test: Started 0 of 0 pending downloads (0/3 active)
[2025-04-12 18:38:47] [SYSTEM] Processing queues
[2025-04-12 18:38:47] [QUEUE] Queue default: Started 0 of 0 pending downloads (0/3 active)
[2025-04-12 18:38:47] [QUEUE] Queue night: Outside allowed time window (19:00-23:59)
[2025-04-12 18:38:47] [QUEUE] Queue morning: Outside allowed time window (6:00-12:00)
[2025-04-12 18:38:47] [QUEUE] Queue test: Started 0 of 0 pending downloads (0/3 active)
[2025-04-12 18:39:47] [SYSTEM] Processing queues
[2025-04-12 18:39:47] [QUEUE] Queue default: Started 0 of 0 pending downloads (0/3 active)
[2025-04-12 18:39:47] [QUEUE] Queue night: Outside allowed time window (19:00-23:59)
[2025-04-12 18:39:47] [QUEUE] Queue morning: Outside allowed time window (6:00-12:00)
[2025-04-12 18:39:47] [QUEUE] Queue test: Started 0 of 0 pending downloads (0/3 active)
[2025-04-12 18:40:47] [SYSTEM] Processing queues
[2025-04-12 18:40:47] [QUEUE] Queue default: Started 0 of 0 pending downloads (0/3 active)
[2025-04-12 18:40:47] [QUEUE] Queue night: Outside allowed time window (19:00-23:59)
[2025-04-12 18:40:47] [QUEUE] Queue morning: Outside allowed time window (6:00-12:00)
[2025-04-12 18:40:47] [QUEUE] Queue test: Started 0 of 0 pending downloads (0/3 active)
[2025-04-12 18:41:47] [SYSTEM] Processing queues
[2025-04-12 18:41:47] [QUEUE] Queue default: Started 0 of 0 pending downloads (0/3 active)
[2025-04-12 18:41:47] [QUEUE] Queue night: Outside allowed time window (19:00-23:59)
[2025-04-12 18:41:47] [QUEUE] Queue morning: Outside allowed time window (6:00-12:00)
[2025-04-12 18:41:47] [QUEUE] Queue test: Started 0 of 0 pending downloads (0/3 active)
[2025-04-12 18:42:47] [SYSTEM] Processing queues
[2025-04-12 18:42:47] [QUEUE] Queue default: Started 0 of 0 pending downloads (0/3 active)
[2025-04-12 18:42:47] [QUEUE] Queue night: Outside allowed time window (19:00-23:59)
[2025-04-12 18:42:47] [QUEUE] Queue morning: Outside allowed time window (6:00-12:00)
[2025-04-12 18:42:47] [QUEUE] Queue test: Started 0 of 0 pending downloads (0/3 active)
[2025-04-12 18:43:47] [SYSTEM] Processing queues
[2025-04-12 18:43:47] [QUEUE] Queue default: Started 0 of 0 pending downloads (0/3 active)
[2025-04-12 18:43:47] [QUEUE] Queue night: Outside allowed time window (19:00-23:59)
[2025-04-12 18:43:47] [QUEUE] Queue morning: Outside allowed time window (6:00-12:00)
[2025-04-12 18:43:47] [QUEUE] Queue test: Started 0 of 0 pending downloads (0/3 active)
[2025-04-12 18:56:34] [SYSTEM] Processing queues
[2025-04-12 18:56:34] [QUEUE] Queue default: Started 0 of 0 pending downloads (0/3 active)
[2025-04-12 18:56:34] [QUEUE] Queue night: Outside allowed time window (19:00-23:59)
[2025-04-12 18:56:34] [QUEUE] Queue morning: Outside allowed time window (6:00-12:00)
[2025-04-12 18:56:34] [QUEUE] Queue test: Started 0 of 0 pending downloads (0/3 active)
[2025-04-12 18:56:47] [SYSTEM] Processing queues
[2025-04-12 18:56:47] [QUEUE] Queue default: Started 0 of 0 pending downloads (0/3 active)
[2025-04-12 18:56:47] [QUEUE] Queue night: Outside allowed time window (19:00-23:59)
[2025-04-12 18:56:47] [QUEUE] Queue morning: Outside allowed time window (6:00-12:00)
[2025-04-12 18:56:47] [QUEUE] Queue test: Started 0 of 0 pending downloads (0/3 active)
[2025-04-12 18:57:47] [SYSTEM] Processing queues
[2025-04-12 18:57:47] [QUEUE] Queue default: Started 0 of 0 pending downloads (0/3 active)
[2025-04-12 18:57:47] [QUEUE] Queue night: Outside allowed time window (19:00-23:59)
[2025-04-12 18:57:47] [QUEUE] Queue morning: Outside allowed time window (6:00-12:00)
[2025-04-12 18:57:47] [QUEUE] Queue test: Started 0 of 0 pending downloads (0/3 active)
[2025-04-12 18:58:47] [SYSTEM] Processing queues
[2025-04-12 18:58:47] [QUEUE] Queue default: Started 0 of 0 pending downloads (0/3 active)
[2025-04-12 18:58:47] [QUEUE] Queue night: Outside allowed time window (19:00-23:59)
[2025-04-12 18:58:47] [QUEUE] Queue morning: Outside allowed time window (6:00-12:00)
[2025-04-12 18:58:47] [QUEUE] Queue test: Started 0 of 0 pending downloads (0/3 active)
[2025-04-12 18:59:47] [SYSTEM] Processing queues
[2025-04-12 18:59:47] [QUEUE] Queue default: Started 0 of 0 pending downloads (0/3 active)
[2025-04-12 18:59:47] [QUEUE] Queue night: Outside allowed time window (19:00-23:59)
[2025-04-12 18:59:47] [QUEUE] Queue morning: Outside allowed time window (6:00-12:00)
[2025-04-12 18:59:47] [QUEUE] Queue test: Started 0 of 0 pending downloads (0/3 active)
[2025-04-12 19:00:47] [SYSTEM] Processing queues
[2025-04-12 19:00:47] [QUEUE] Queue default: Started 0 of 0 pending downloads (0/3 active)
[2025-04-12 19:00:47] [QUEUE] Queue night: Started 0 of 0 pending downloads (0/2 active)
[2025-04-12 19:00:47] [QUEUE] Queue morning: Outside allowed time window (6:00-12:00)
[2025-04-12 19:00:47] [QUEUE] Queue test: Started 0 of 0 pending downloads (0/3 active)
[2025-04-12 19:01:47] [SYSTEM] Processing queues
[2025-04-12 19:01:47] [QUEUE] Queue default: Started 0 of 0 pending downloads (0/3 active)
[2025-04-12 19:01:47] [QUEUE] Queue night: Started 0 of 0 pending downloads (0/2 active)
[2025-04-12 19:01:47] [QUEUE] Queue morning: Outside allowed time window (6:00-12:00)
[2025-04-12 19:01:47] [QUEUE] Queue test: Started 0 of 0 pending downloads (0/3 active)
[2025-04-12 19:02:47] [SYSTEM] Processing queues
[2025-04-12 19:02:47] [QUEUE] Queue default: Started 0 of 0 pending downloads (0/3 active)
[2025-04-12 19:02:47] [QUEUE] Queue night: Started 0 of 0 pending downloads (0/2 active)
[2025-04-12 19:02:47] [QUEUE] Queue morning: Outside allowed time window (6:00-12:00)
[2025-04-12 19:02:47] [QUEUE] Queue test: Started 0 of 0 pending downloads (0/3 active)
[2025-04-12 19:03:47] [SYSTEM] Processing queues
[2025-04-12 19:03:47] [QUEUE] Queue default: Started 0 of 0 pending downloads (0/3 active)
[2025-04-12 19:03:47] [QUEUE] Queue night: Started 0 of 0 pending downloads (0/2 active)
[2025-04-12 19:03:47] [QUEUE] Queue morning: Outside allowed time window (6:00-12:00)
[2025-04-12 19:03:47] [QUEUE] Queue test: Started 0 of 0 pending downloads (0/3 active)
[2025-04-12 19:04:47] [SYSTEM] Processing queues
[2025-04-12 19:04:47] [QUEUE] Queue default: Started 0 of 0 pending downloads (0/3 active)
[2025-04-12 19:04:47] [QUEUE] Queue night: Started 0 of 0 pending downloads (0/2 active)
[2025-04-12 19:04:47] [QUEUE] Queue morning: Outside allowed time window (6:00-12:00)
[2025-04-12 19:04:47] [QUEUE] Queue test: Started 0 of 0 pending downloads (0/3 active)
[2025-04-12 19:05:47] [SYSTEM] Processing queues
[2025-04-12 19:05:47] [QUEUE] Queue default: Started 0 of 0 pending downloads (0/3 active)
[2025-04-12 19:05:47] [QUEUE] Queue night: Started 0 of 0 pending downloads (0/2 active)
[2025-04-12 19:05:47] [QUEUE] Queue morning: Outside allowed time window (6:00-12:00)
[2025-04-12 19:05:47] [QUEUE] Queue test: Started 0 of 0 pending downloads (0/3 active)
[2025-04-12 19:06:47] [SYSTEM] Processing queues
[2025-04-12 19:06:47] [QUEUE] Queue default: Started 0 of 0 pending downloads (0/3 active)
[2025-04-12 19:06:47] [QUEUE] Queue night: Started 0 of 0 pending downloads (0/2 active)
[2025-04-12 19:06:47] [QUEUE] Queue morning: Outside allowed time window (6:00-12:00)
[2025-04-12 19:06:47] [QUEUE] Queue test: Started 0 of 0 pending downloads (0/3 active)
[2025-04-12 19:07:47] [SYSTEM] Processing queues
[2025-04-12 19:07:47] [QUEUE] Queue default: Started 0 of 0 pending downloads (0/3 active)
[2025-04-12 19:07:47] [QUEUE] Queue night: Started 0 of 0 pending downloads (0/2 active)
[2025-04-12 19:07:47] [QUEUE] Queue morning: Outside allowed time window (6:00-12:00)
[2025-04-12 19:07:47] [QUEUE] Queue test: Started 0 of 0 pending downloads (0/3 active)
[2025-04-12 19:08:47] [SYSTEM] Processing queues
[2025-04-12 19:08:47] [QUEUE] Queue default: Started 0 of 0 pending downloads (0/3 active)
[2025-04-12 19:08:47] [QUEUE] Queue night: Started 0 of 0 pending downloads (0/2 active)
[2025-04-12 19:08:47] [QUEUE] Queue morning: Outside allowed time window (6:00-12:00)
[2025-04-12 19:08:47] [QUEUE] Queue test: Started 0 of 0 pending downloads (0/3 active)
[2025-04-12 19:09:47] [SYSTEM] Processing queues
[2025-04-12 19:09:47] [QUEUE] Queue default: Started 0 of 0 pending downloads (0/3 active)
[2025-04-12 19:09:47] [QUEUE] Queue night: Started 0 of 0 pending downloads (0/2 active)
[2025-04-12 19:09:47] [QUEUE] Queue morning: Outside allowed time window (6:00-12:00)
[2025-04-12 19:09:47] [QUEUE] Queue test: Started 0 of 0 pending downloads (0/3 active)
[2025-04-12 19:10:47] [SYSTEM] Processing queues
[2025-04-12 19:10:47] [QUEUE] Queue default: Started 0 of 0 pending downloads (0/3 active)
[2025-04-12 19:10:47] [QUEUE] Queue night: Started 0 of 0 pending downloads (0/2 active)
[2025-04-12 19:10:47] [QUEUE] Queue morning: Outside allowed time window (6:00-12:00)
[2025-04-12 19:10:47] [QUEUE] Queue test: Started 0 of 0 pending downloads (0/3 active)
[2025-04-12 19:11:47] [SYSTEM] Processing queues
[2025-04-12 19:11:47] [QUEUE] Queue default: Started 0 of 0 pending downloads (0/3 active)
[2025-04-12 19:11:47] [QUEUE] Queue night: Started 0 of 0 pending downloads (0/2 active)
[2025-04-12 19:11:47] [QUEUE] Queue morning: Outside allowed time window (6:00-12:00)
[2025-04-12 19:11:47] [QUEUE] Queue test: Started 0 of 0 pending downloads (0/3 active)
[2025-04-12 19:12:47] [SYSTEM] Processing queues
[2025-04-12 19:12:47] [QUEUE] Queue default: Started 0 of 0 pending downloads (0/3 active)
[2025-04-12 19:12:47] [QUEUE] Queue night: Started 0 of 0 pending downloads (0/2 active)
[2025-04-12 19:12:47] [QUEUE] Queue morning: Outside allowed time window (6:00-12:00)
[2025-04-12 19:12:47] [QUEUE] Queue test: Started 0 of 0 pending downloads (0/3 active)
[2025-04-12 19:13:47] [SYSTEM] Processing queues
[2025-04-12 19:13:47] [QUEUE] Queue default: Started 0 of 0 pending downloads (0/3 active)
[2025-04-12 19:13:47] [QUEUE] Queue night: Started 0 of 0 pending downloads (0/2 active)
[2025-04-12 19:13:47] [QUEUE] Queue morning: Outside allowed time window (6:00-12:00)
[2025-04-12 19:13:47] [QUEUE] Queue test: Started 0 of 0 pending downloads (0/3 active)
[2025-04-12 19:14:47] [SYSTEM] Processing queues
[2025-04-12 19:14:47] [QUEUE] Queue default: Started 0 of 0 pending downloads (0/3 active)
[2025-04-12 19:14:47] [QUEUE] Queue night: Started 0 of 0 pending downloads (0/2 active)
[2025-04-12 19:14:47] [QUEUE] Queue morning: Outside allowed time window (6:00-12:00)
[2025-04-12 19:14:47] [QUEUE] Queue test: Started 0 of 0 pending downloads (0/3 active)
[2025-04-12 19:15:47] [SYSTEM] Processing queues
[2025-04-12 19:15:47] [QUEUE] Queue default: Started 0 of 0 pending downloads (0/3 active)
[2025-04-12 19:15:47] [QUEUE] Queue night: Started 0 of 0 pending downloads (0/2 active)
[2025-04-12 19:15:47] [QUEUE] Queue morning: Outside allowed time window (6:00-12:00)
[2025-04-12 19:15:47] [QUEUE] Queue test: Started 0 of 0 pending downloads (0/3 active)
[2025-04-12 19:16:47] [SYSTEM] Processing queues
[2025-04-12 19:16:47] [QUEUE] Queue default: Started 0 of 0 pending downloads (0/3 active)
[2025-04-12 19:16:47] [QUEUE] Queue night: Started 0 of 0 pending downloads (0/2 active)
[2025-04-12 19:16:47] [QUEUE] Queue morning: Outside allowed time window (6:00-12:00)
[2025-04-12 19:16:47] [QUEUE] Queue test: Started 0 of 0 pending downloads (0/3 active)
[2025-04-12 19:17:47] [SYSTEM] Processing queues
[2025-04-12 19:17:47] [QUEUE] Queue default: Started 0 of 0 pending downloads (0/3 active)
[2025-04-12 19:17:47] [QUEUE] Queue night: Started 0 of 0 pending downloads (0/2 active)
[2025-04-12 19:17:47] [QUEUE] Queue morning: Outside allowed time window (6:00-12:00)
[2025-04-12 19:17:47] [QUEUE] Queue test: Started 0 of 0 pending downloads (0/3 active)
[2025-04-12 19:18:47] [SYSTEM] Processing queues
[2025-04-12 19:18:47] [QUEUE] Queue default: Started 0 of 0 pending downloads (0/3 active)
[2025-04-12 19:18:47] [QUEUE] Queue night: Started 0 of 0 pending downloads (0/2 active)
[2025-04-12 19:18:47] [QUEUE] Queue morning: Outside allowed time window (6:00-12:00)
[2025-04-12 19:18:47] [QUEUE] Queue test: Started 0 of 0 pending downloads (0/3 active)
[2025-04-12 19:19:47] [SYSTEM] Processing queues
[2025-04-12 19:19:47] [QUEUE] Queue default: Started 0 of 0 pending downloads (0/3 active)
[2025-04-12 19:19:47] [QUEUE] Queue night: Started 0 of 0 pending downloads (0/2 active)
[2025-04-12 19:19:47] [QUEUE] Queue morning: Outside allowed time window (6:00-12:00)
[2025-04-12 19:19:47] [QUEUE] Queue test: Started 0 of 0 pending downloads (0/3 active)
[2025-04-12 19:20:47] [SYSTEM] Processing queues
[2025-04-12 19:20:47] [QUEUE] Queue default: Started 0 of 0 pending downloads (0/3 active)
[2025-04-12 19:20:47] [QUEUE] Queue night: Started 0 of 0 pending downloads (0/2 active)
[2025-04-12 19:20:47] [QUEUE] Queue morning: Outside allowed time window (6:00-12:00)
[2025-04-12 19:20:47] [QUEUE] Queue test: Started 0 of 0 pending downloads (0/3 active)
[2025-04-12 19:21:47] [SYSTEM] Processing queues
[2025-04-12 19:21:47] [QUEUE] Queue default: Started 0 of 0 pending downloads (0/3 active)
[2025-04-12 19:21:47] [QUEUE] Queue night: Started 0 of 0 pending downloads (0/2 active)
[2025-04-12 19:21:47] [QUEUE] Queue morning: Outside allowed time window (6:00-12:00)
[2025-04-12 19:21:47] [QUEUE] Queue test: Started 0 of 0 pending downloads (0/3 active)
[2025-04-12 19:22:47] [SYSTEM] Processing queues
[2025-04-12 19:22:47] [QUEUE] Queue default: Started 0 of 0 pending downloads (0/3 active)
[2025-04-12 19:22:47] [QUEUE] Queue night: Started 0 of 0 pending downloads (0/2 active)
[2025-04-12 19:22:47] [QUEUE] Queue morning: Outside allowed time window (6:00-12:00)
[2025-04-12 19:22:47] [QUEUE] Queue test: Started 0 of 0 pending downloads (0/3 active)
[2025-04-12 19:23:47] [SYSTEM] Processing queues
[2025-04-12 19:23:47] [QUEUE] Queue default: Started 0 of 0 pending downloads (0/3 active)
[2025-04-12 19:23:47] [QUEUE] Queue night: Started 0 of 0 pending downloads (0/2 active)
[2025-04-12 19:23:47] [QUEUE] Queue morning: Outside allowed time window (6:00-12:00)
[2025-04-12 19:23:47] [QUEUE] Queue test: Started 0 of 0 pending downloads (0/3 active)
[2025-04-12 19:24:47] [SYSTEM] Processing queues
[2025-04-12 19:24:47] [QUEUE] Queue default: Started 0 of 0 pending downloads (0/3 active)
[2025-04-12 19:24:47] [QUEUE] Queue night: Started 0 of 0 pending downloads (0/2 active)
[2025-04-12 19:24:47] [QUEUE] Queue morning: Outside allowed time window (6:00-12:00)
[2025-04-12 19:24:47] [QUEUE] Queue test: Started 0 of 0 pending downloads (0/3 active)
[2025-04-12 19:25:13] [SYSTEM] Processing queues
[2025-04-12 19:25:13] [QUEUE] Queue default: Started 0 of 0 pending downloads (0/3 active)
[2025-04-12 19:25:13] [QUEUE] Queue night: Started 0 of 0 pending downloads (0/2 active)
[2025-04-12 19:25:13] [QUEUE] Queue morning: Outside allowed time window (6:00-12:00)
[2025-04-12 19:25:13] [QUEUE] Queue test: Started 0 of 0 pending downloads (0/3 active)
[2025-04-12 19:25:47] [SYSTEM] Processing queues
[2025-04-12 19:25:47] [QUEUE] Queue default: Started 0 of 0 pending downloads (0/3 active)
[2025-04-12 19:25:47] [QUEUE] Queue night: Started 0 of 0 pending downloads (0/2 active)
[2025-04-12 19:25:47] [QUEUE] Queue morning: Outside allowed time window (6:00-12:00)
[2025-04-12 19:25:47] [QUEUE] Queue test: Started 0 of 0 pending downloads (0/3 active)
[2025-04-12 19:26:47] [SYSTEM] Processing queues
[2025-04-12 19:26:47] [QUEUE] Queue default: Started 0 of 0 pending downloads (0/3 active)
[2025-04-12 19:26:47] [QUEUE] Queue night: Started 0 of 0 pending downloads (0/2 active)
[2025-04-12 19:26:47] [QUEUE] Queue morning: Outside allowed time window (6:00-12:00)
[2025-04-12 19:26:47] [QUEUE] Queue test: Started 0 of 0 pending downloads (0/3 active)
[2025-04-12 19:27:47] [SYSTEM] Processing queues
[2025-04-12 19:27:47] [QUEUE] Queue default: Started 0 of 0 pending downloads (0/3 active)
[2025-04-12 19:27:47] [QUEUE] Queue night: Started 0 of 0 pending downloads (0/2 active)
[2025-04-12 19:27:47] [QUEUE] Queue morning: Outside allowed time window (6:00-12:00)
[2025-04-12 19:27:47] [QUEUE] Queue test: Started 0 of 0 pending downloads (0/3 active)
[2025-04-12 19:28:47] [SYSTEM] Processing queues
[2025-04-12 19:28:47] [QUEUE] Queue default: Started 0 of 0 pending downloads (0/3 active)
[2025-04-12 19:28:47] [QUEUE] Queue night: Started 0 of 0 pending downloads (0/2 active)
[2025-04-12 19:28:47] [QUEUE] Queue morning: Outside allowed time window (6:00-12:00)
[2025-04-12 19:28:47] [QUEUE] Queue test: Started 0 of 0 pending downloads (0/3 active)
[2025-04-12 19:29:47] [SYSTEM] Processing queues
[2025-04-12 19:29:47] [QUEUE] Queue default: Started 0 of 0 pending downloads (0/3 active)
[2025-04-12 19:29:47] [QUEUE] Queue night: Started 0 of 0 pending downloads (0/2 active)
[2025-04-12 19:29:47] [QUEUE] Queue morning: Outside allowed time window (6:00-12:00)
[2025-04-12 19:29:47] [QUEUE] Queue test: Started 0 of 0 pending downloads (0/3 active)
[2025-04-12 19:30:47] [SYSTEM] Processing queues
[2025-04-12 19:30:47] [QUEUE] Queue default: Started 0 of 0 pending downloads (0/3 active)
[2025-04-12 19:30:47] [QUEUE] Queue night: Started 0 of 0 pending downloads (0/2 active)
[2025-04-12 19:30:47] [QUEUE] Queue morning: Outside allowed time window (6:00-12:00)
[2025-04-12 19:30:47] [QUEUE] Queue test: Started 0 of 0 pending downloads (0/3 active)
[2025-04-12 19:31:47] [SYSTEM] Processing queues
[2025-04-12 19:31:47] [QUEUE] Queue default: Started 0 of 0 pending downloads (0/3 active)
[2025-04-12 19:31:47] [QUEUE] Queue night: Started 0 of 0 pending downloads (0/2 active)
[2025-04-12 19:31:47] [QUEUE] Queue morning: Outside allowed time window (6:00-12:00)
[2025-04-12 19:31:47] [QUEUE] Queue test: Started 0 of 0 pending downloads (0/3 active)
[2025-04-12 19:32:47] [SYSTEM] Processing queues
[2025-04-12 19:32:47] [QUEUE] Queue default: Started 0 of 0 pending downloads (0/3 active)
[2025-04-12 19:32:47] [QUEUE] Queue night: Started 0 of 0 pending downloads (0/2 active)
[2025-04-12 19:32:47] [QUEUE] Queue morning: Outside allowed time window (6:00-12:00)
[2025-04-12 19:32:47] [QUEUE] Queue test: Started 0 of 0 pending downloads (0/3 active)
[2025-04-12 19:33:47] [SYSTEM] Processing queues
[2025-04-12 19:33:47] [QUEUE] Queue default: Started 0 of 0 pending downloads (0/3 active)
[2025-04-12 19:33:47] [QUEUE] Queue night: Started 0 of 0 pending downloads (0/2 active)
[2025-04-12 19:33:47] [QUEUE] Queue morning: Outside allowed time window (6:00-12:00)
[2025-04-12 19:33:47] [QUEUE] Queue test: Started 0 of 0 pending downloads (0/3 active)
[2025-04-12 19:34:47] [SYSTEM] Processing queues
[2025-04-12 19:34:47] [QUEUE] Queue default: Started 0 of 0 pending downloads (0/3 active)
[2025-04-12 19:34:47] [QUEUE] Queue night: Started 0 of 0 pending downloads (0/2 active)
[2025-04-12 19:34:47] [QUEUE] Queue morning: Outside allowed time window (6:00-12:00)
[2025-04-12 19:34:47] [QUEUE] Queue test: Started 0 of 0 pending downloads (0/3 active)
